2020-10-03 20:48:29,566 INFO org.hibernate.validator.internal.util.Version [background-preinit] HV000001: Hibernate Validator 6.1.5.Final
2020-10-03 20:48:29,590 INFO org.springframework.boot.StartupInfoLogger [main] Starting StockBackendApplication on suphnaths-MacBook-Pro.local with PID 31846 (/Users/best/Desktop/stock_backend/target/classes started by best in /Users/best/Desktop/stock_backend)
2020-10-03 20:48:29,591 INFO org.springframework.boot.SpringApplication [main] No active profile set, falling back to default profiles: default
2020-10-03 20:48:30,195 INFO org.springframework.data.repository.config.RepositoryConfigurationDelegate [main] Bootstrapping Spring Data JPA repositories in DEFERRED mode.
2020-10-03 20:48:30,259 INFO org.springframework.data.repository.config.RepositoryConfigurationDelegate [main] Finished Spring Data repository scanning in 53ms. Found 1 JPA repository interfaces.
2020-10-03 20:48:30,735 INFO org.springframework.boot.web.embedded.tomcat.TomcatWebServer [main] Tomcat initialized with port(s): 1150 (http)
2020-10-03 20:48:30,744 INFO org.apache.juli.logging.DirectJDKLog [main] Initializing ProtocolHandler ["http-nio-1150"]
2020-10-03 20:48:30,745 INFO org.apache.juli.logging.DirectJDKLog [main] Starting service [Tomcat]
2020-10-03 20:48:30,745 INFO org.apache.juli.logging.DirectJDKLog [main] Starting Servlet engine: [Apache Tomcat/9.0.37]
2020-10-03 20:48:30,826 INFO org.apache.juli.logging.DirectJDKLog [main] Initializing Spring embedded WebApplicationContext
2020-10-03 20:48:30,826 INFO org.springframework.boot.web.servlet.context.ServletWebServerApplicationContext [main] Root WebApplicationContext: initialization completed in 1194 ms
2020-10-03 20:48:30,942 INFO org.springframework.scheduling.concurrent.ExecutorConfigurationSupport [main] Initializing ExecutorService 'applicationTaskExecutor'
2020-10-03 20:48:30,952 INFO com.zaxxer.hikari.HikariDataSource [main] HikariPool-1 - Starting...
2020-10-03 20:48:32,503 INFO com.zaxxer.hikari.HikariDataSource [main] HikariPool-1 - Start completed.
2020-10-03 20:48:32,554 INFO org.hibernate.jpa.internal.util.LogHelper [task-1] HHH000204: Processing PersistenceUnitInfo [name: default]
2020-10-03 20:48:32,604 WARN org.springframework.boot.autoconfigure.orm.jpa.JpaBaseConfiguration$JpaWebConfiguration [main] spring.jpa.open-in-view is enabled by default. Therefore, database queries may be performed during view rendering. Explicitly configure spring.jpa.open-in-view to disable this warning
2020-10-03 20:48:32,609 INFO org.hibernate.Version [task-1] HHH000412: Hibernate ORM core version 5.4.20.Final
2020-10-03 20:48:32,748 INFO org.hibernate.annotations.common.reflection.java.JavaReflectionManager [task-1] HCANN000001: Hibernate Commons Annotations {5.1.0.Final}
2020-10-03 20:48:32,882 INFO org.hibernate.dialect.Dialect [task-1] HHH000400: Using dialect: org.hibernate.dialect.PostgreSQL10Dialect
2020-10-03 20:48:32,949 INFO org.apache.juli.logging.DirectJDKLog [main] Starting ProtocolHandler ["http-nio-1150"]
2020-10-03 20:48:32,977 INFO org.springframework.boot.web.embedded.tomcat.TomcatWebServer [main] Tomcat started on port(s): 1150 (http) with context path ''
2020-10-03 20:48:32,978 INFO org.springframework.data.repository.config.DeferredRepositoryInitializationListener [main] Triggering deferred initialization of Spring Data repositories…
2020-10-03 20:48:34,150 INFO org.hibernate.tuple.PojoInstantiator [task-1] HHH000182: No default (no-argument) constructor for class: com.example.stock_backend.Model.Product (class must be instantiated by Interceptor)
2020-10-03 20:48:34,402 INFO org.hibernate.engine.transaction.jta.platform.internal.JtaPlatformInitiator [task-1] HHH000490: Using JtaPlatform implementation: [org.hibernate.engine.transaction.jta.platform.internal.NoJtaPlatform]
2020-10-03 20:48:34,409 INFO org.springframework.orm.jpa.AbstractEntityManagerFactoryBean [task-1] Initialized JPA EntityManagerFactory for persistence unit 'default'
2020-10-03 20:48:34,596 INFO org.springframework.data.repository.config.DeferredRepositoryInitializationListener [main] Spring Data repositories initialized!
2020-10-03 20:48:34,605 INFO org.springframework.boot.StartupInfoLogger [main] Started StockBackendApplication in 5.413 seconds (JVM running for 6.487)
2020-10-03 20:48:44,951 INFO org.springframework.boot.admin.SpringApplicationAdminMXBeanRegistrar$SpringApplicationAdmin [RMI TCP Connection(2)-127.0.0.1] Application shutdown requested.
2020-10-03 20:48:44,975 INFO org.springframework.orm.jpa.AbstractEntityManagerFactoryBean [RMI TCP Connection(2)-127.0.0.1] Closing JPA EntityManagerFactory for persistence unit 'default'
2020-10-03 20:48:44,977 INFO org.springframework.scheduling.concurrent.ExecutorConfigurationSupport [RMI TCP Connection(2)-127.0.0.1] Shutting down ExecutorService 'applicationTaskExecutor'
2020-10-03 20:48:44,978 INFO com.zaxxer.hikari.HikariDataSource [RMI TCP Connection(2)-127.0.0.1] HikariPool-1 - Shutdown initiated...
2020-10-03 20:48:47,381 INFO com.zaxxer.hikari.HikariDataSource [RMI TCP Connection(2)-127.0.0.1] HikariPool-1 - Shutdown completed.
2020-10-03 20:55:03,018 INFO org.hibernate.validator.internal.util.Version [background-preinit] HV000001: Hibernate Validator 6.1.5.Final
2020-10-03 20:55:03,036 INFO org.springframework.boot.StartupInfoLogger [main] Starting StockBackendApplication on suphnaths-MacBook-Pro.local with PID 31907 (/Users/best/Desktop/stock_backend/target/classes started by best in /Users/best/Desktop/stock_backend)
2020-10-03 20:55:03,038 INFO org.springframework.boot.SpringApplication [main] No active profile set, falling back to default profiles: default
2020-10-03 20:55:03,589 INFO org.springframework.data.repository.config.RepositoryConfigurationDelegate [main] Bootstrapping Spring Data JPA repositories in DEFERRED mode.
2020-10-03 20:55:03,634 INFO org.springframework.data.repository.config.RepositoryConfigurationDelegate [main] Finished Spring Data repository scanning in 40ms. Found 1 JPA repository interfaces.
2020-10-03 20:55:03,991 INFO org.springframework.boot.web.embedded.tomcat.TomcatWebServer [main] Tomcat initialized with port(s): 1150 (http)
2020-10-03 20:55:03,998 INFO org.apache.juli.logging.DirectJDKLog [main] Initializing ProtocolHandler ["http-nio-1150"]
2020-10-03 20:55:03,999 INFO org.apache.juli.logging.DirectJDKLog [main] Starting service [Tomcat]
2020-10-03 20:55:03,999 INFO org.apache.juli.logging.DirectJDKLog [main] Starting Servlet engine: [Apache Tomcat/9.0.37]
2020-10-03 20:55:04,080 INFO org.apache.juli.logging.DirectJDKLog [main] Initializing Spring embedded WebApplicationContext
2020-10-03 20:55:04,080 INFO org.springframework.boot.web.servlet.context.ServletWebServerApplicationContext [main] Root WebApplicationContext: initialization completed in 999 ms
2020-10-03 20:55:04,179 INFO org.springframework.scheduling.concurrent.ExecutorConfigurationSupport [main] Initializing ExecutorService 'applicationTaskExecutor'
2020-10-03 20:55:04,207 INFO org.hibernate.jpa.internal.util.LogHelper [task-1] HHH000204: Processing PersistenceUnitInfo [name: default]
2020-10-03 20:55:04,239 INFO org.hibernate.Version [task-1] HHH000412: Hibernate ORM core version 5.4.20.Final
2020-10-03 20:55:04,252 WARN org.springframework.boot.autoconfigure.orm.jpa.JpaBaseConfiguration$JpaWebConfiguration [main] spring.jpa.open-in-view is enabled by default. Therefore, database queries may be performed during view rendering. Explicitly configure spring.jpa.open-in-view to disable this warning
2020-10-03 20:55:04,315 INFO org.hibernate.annotations.common.reflection.java.JavaReflectionManager [task-1] HCANN000001: Hibernate Commons Annotations {5.1.0.Final}
2020-10-03 20:55:04,392 INFO com.zaxxer.hikari.HikariDataSource [task-1] HikariPool-1 - Starting...
2020-10-03 20:55:04,514 INFO org.apache.juli.logging.DirectJDKLog [main] Starting ProtocolHandler ["http-nio-1150"]
2020-10-03 20:55:04,537 INFO org.springframework.boot.web.embedded.tomcat.TomcatWebServer [main] Tomcat started on port(s): 1150 (http) with context path ''
2020-10-03 20:55:04,538 INFO org.springframework.data.repository.config.DeferredRepositoryInitializationListener [main] Triggering deferred initialization of Spring Data repositories…
2020-10-03 20:55:06,507 INFO com.zaxxer.hikari.HikariDataSource [task-1] HikariPool-1 - Start completed.
2020-10-03 20:55:06,523 INFO org.hibernate.dialect.Dialect [task-1] HHH000400: Using dialect: org.hibernate.dialect.PostgreSQL10Dialect
2020-10-03 20:55:08,254 INFO org.hibernate.tuple.PojoInstantiator [task-1] HHH000182: No default (no-argument) constructor for class: com.example.stock_backend.Model.Product (class must be instantiated by Interceptor)
2020-10-03 20:55:08,914 INFO org.hibernate.engine.transaction.jta.platform.internal.JtaPlatformInitiator [task-1] HHH000490: Using JtaPlatform implementation: [org.hibernate.engine.transaction.jta.platform.internal.NoJtaPlatform]
2020-10-03 20:55:08,920 INFO org.springframework.orm.jpa.AbstractEntityManagerFactoryBean [task-1] Initialized JPA EntityManagerFactory for persistence unit 'default'
2020-10-03 20:55:09,061 INFO org.springframework.data.repository.config.DeferredRepositoryInitializationListener [main] Spring Data repositories initialized!
2020-10-03 20:55:09,069 INFO org.springframework.boot.StartupInfoLogger [main] Started StockBackendApplication in 6.32 seconds (JVM running for 7.025)
2020-10-03 20:55:19,784 INFO org.springframework.boot.admin.SpringApplicationAdminMXBeanRegistrar$SpringApplicationAdmin [RMI TCP Connection(2)-127.0.0.1] Application shutdown requested.
2020-10-03 20:55:19,806 INFO org.springframework.orm.jpa.AbstractEntityManagerFactoryBean [RMI TCP Connection(2)-127.0.0.1] Closing JPA EntityManagerFactory for persistence unit 'default'
2020-10-03 20:55:19,808 INFO org.springframework.scheduling.concurrent.ExecutorConfigurationSupport [RMI TCP Connection(2)-127.0.0.1] Shutting down ExecutorService 'applicationTaskExecutor'
2020-10-03 20:55:19,809 INFO com.zaxxer.hikari.HikariDataSource [RMI TCP Connection(2)-127.0.0.1] HikariPool-1 - Shutdown initiated...
2020-10-03 20:55:22,174 INFO com.zaxxer.hikari.HikariDataSource [RMI TCP Connection(2)-127.0.0.1] HikariPool-1 - Shutdown completed.
2020-10-03 20:58:21,753 INFO org.hibernate.validator.internal.util.Version [background-preinit] HV000001: Hibernate Validator 6.1.5.Final
2020-10-03 20:58:21,766 INFO org.springframework.boot.StartupInfoLogger [main] Starting StockBackendApplication on suphnaths-MacBook-Pro.local with PID 31936 (/Users/best/Desktop/stock_backend/target/classes started by best in /Users/best/Desktop/stock_backend)
2020-10-03 20:58:21,768 INFO org.springframework.boot.SpringApplication [main] No active profile set, falling back to default profiles: default
2020-10-03 20:58:22,255 INFO org.springframework.data.repository.config.RepositoryConfigurationDelegate [main] Bootstrapping Spring Data JPA repositories in DEFERRED mode.
2020-10-03 20:58:22,302 INFO org.springframework.data.repository.config.RepositoryConfigurationDelegate [main] Finished Spring Data repository scanning in 41ms. Found 1 JPA repository interfaces.
2020-10-03 20:58:22,663 INFO org.springframework.boot.web.embedded.tomcat.TomcatWebServer [main] Tomcat initialized with port(s): 1150 (http)
2020-10-03 20:58:22,671 INFO org.apache.juli.logging.DirectJDKLog [main] Initializing ProtocolHandler ["http-nio-1150"]
2020-10-03 20:58:22,672 INFO org.apache.juli.logging.DirectJDKLog [main] Starting service [Tomcat]
2020-10-03 20:58:22,672 INFO org.apache.juli.logging.DirectJDKLog [main] Starting Servlet engine: [Apache Tomcat/9.0.37]
2020-10-03 20:58:22,754 INFO org.apache.juli.logging.DirectJDKLog [main] Initializing Spring embedded WebApplicationContext
2020-10-03 20:58:22,754 INFO org.springframework.boot.web.servlet.context.ServletWebServerApplicationContext [main] Root WebApplicationContext: initialization completed in 950 ms
2020-10-03 20:58:22,858 INFO org.springframework.scheduling.concurrent.ExecutorConfigurationSupport [main] Initializing ExecutorService 'applicationTaskExecutor'
2020-10-03 20:58:22,886 INFO org.hibernate.jpa.internal.util.LogHelper [task-1] HHH000204: Processing PersistenceUnitInfo [name: default]
2020-10-03 20:58:22,918 INFO org.hibernate.Version [task-1] HHH000412: Hibernate ORM core version 5.4.20.Final
2020-10-03 20:58:22,934 WARN org.springframework.boot.autoconfigure.orm.jpa.JpaBaseConfiguration$JpaWebConfiguration [main] spring.jpa.open-in-view is enabled by default. Therefore, database queries may be performed during view rendering. Explicitly configure spring.jpa.open-in-view to disable this warning
2020-10-03 20:58:23,001 INFO org.hibernate.annotations.common.reflection.java.JavaReflectionManager [task-1] HCANN000001: Hibernate Commons Annotations {5.1.0.Final}
2020-10-03 20:58:23,083 INFO com.zaxxer.hikari.HikariDataSource [task-1] HikariPool-1 - Starting...
2020-10-03 20:58:23,199 INFO org.apache.juli.logging.DirectJDKLog [main] Starting ProtocolHandler ["http-nio-1150"]
2020-10-03 20:58:23,223 INFO org.springframework.boot.web.embedded.tomcat.TomcatWebServer [main] Tomcat started on port(s): 1150 (http) with context path ''
2020-10-03 20:58:23,224 INFO org.springframework.data.repository.config.DeferredRepositoryInitializationListener [main] Triggering deferred initialization of Spring Data repositories…
2020-10-03 20:58:24,356 INFO com.zaxxer.hikari.HikariDataSource [task-1] HikariPool-1 - Start completed.
2020-10-03 20:58:24,372 INFO org.hibernate.dialect.Dialect [task-1] HHH000400: Using dialect: org.hibernate.dialect.PostgreSQL10Dialect
2020-10-03 20:58:25,531 INFO org.hibernate.tuple.PojoInstantiator [task-1] HHH000182: No default (no-argument) constructor for class: com.example.stock_backend.Model.Product (class must be instantiated by Interceptor)
2020-10-03 20:58:26,030 INFO org.hibernate.engine.transaction.jta.platform.internal.JtaPlatformInitiator [task-1] HHH000490: Using JtaPlatform implementation: [org.hibernate.engine.transaction.jta.platform.internal.NoJtaPlatform]
2020-10-03 20:58:26,038 INFO org.springframework.orm.jpa.AbstractEntityManagerFactoryBean [task-1] Initialized JPA EntityManagerFactory for persistence unit 'default'
2020-10-03 20:58:26,175 INFO org.springframework.data.repository.config.DeferredRepositoryInitializationListener [main] Spring Data repositories initialized!
2020-10-03 20:58:26,184 INFO org.springframework.boot.StartupInfoLogger [main] Started StockBackendApplication in 4.696 seconds (JVM running for 5.402)
2020-10-03 21:06:46,191 INFO org.springframework.boot.admin.SpringApplicationAdminMXBeanRegistrar$SpringApplicationAdmin [RMI TCP Connection(12)-127.0.0.1] Application shutdown requested.
2020-10-03 21:06:46,216 INFO org.springframework.orm.jpa.AbstractEntityManagerFactoryBean [RMI TCP Connection(12)-127.0.0.1] Closing JPA EntityManagerFactory for persistence unit 'default'
2020-10-03 21:06:46,218 INFO org.springframework.scheduling.concurrent.ExecutorConfigurationSupport [RMI TCP Connection(12)-127.0.0.1] Shutting down ExecutorService 'applicationTaskExecutor'
2020-10-03 21:06:46,219 INFO com.zaxxer.hikari.HikariDataSource [RMI TCP Connection(12)-127.0.0.1] HikariPool-1 - Shutdown initiated...
2020-10-03 21:06:47,151 INFO com.zaxxer.hikari.HikariDataSource [RMI TCP Connection(12)-127.0.0.1] HikariPool-1 - Shutdown completed.
2020-10-03 21:15:26,566 INFO org.hibernate.validator.internal.util.Version [background-preinit] HV000001: Hibernate Validator 6.1.5.Final
2020-10-03 21:15:26,580 INFO org.springframework.boot.StartupInfoLogger [main] Starting StockBackendApplication on suphnaths-MacBook-Pro.local with PID 32106 (/Users/best/Desktop/stock_backend/target/classes started by best in /Users/best/Desktop/stock_backend)
2020-10-03 21:15:26,582 INFO org.springframework.boot.SpringApplication [main] No active profile set, falling back to default profiles: default
2020-10-03 21:15:27,073 INFO org.springframework.data.repository.config.RepositoryConfigurationDelegate [main] Bootstrapping Spring Data JPA repositories in DEFERRED mode.
2020-10-03 21:15:27,129 INFO org.springframework.data.repository.config.RepositoryConfigurationDelegate [main] Finished Spring Data repository scanning in 49ms. Found 1 JPA repository interfaces.
2020-10-03 21:15:27,553 INFO org.springframework.boot.web.embedded.tomcat.TomcatWebServer [main] Tomcat initialized with port(s): 1150 (http)
2020-10-03 21:15:27,560 INFO org.apache.juli.logging.DirectJDKLog [main] Initializing ProtocolHandler ["http-nio-1150"]
2020-10-03 21:15:27,561 INFO org.apache.juli.logging.DirectJDKLog [main] Starting service [Tomcat]
2020-10-03 21:15:27,561 INFO org.apache.juli.logging.DirectJDKLog [main] Starting Servlet engine: [Apache Tomcat/9.0.37]
2020-10-03 21:15:27,642 INFO org.apache.juli.logging.DirectJDKLog [main] Initializing Spring embedded WebApplicationContext
2020-10-03 21:15:27,643 INFO org.springframework.boot.web.servlet.context.ServletWebServerApplicationContext [main] Root WebApplicationContext: initialization completed in 1026 ms
2020-10-03 21:15:27,741 INFO org.springframework.scheduling.concurrent.ExecutorConfigurationSupport [main] Initializing ExecutorService 'applicationTaskExecutor'
2020-10-03 21:15:27,770 INFO org.hibernate.jpa.internal.util.LogHelper [task-1] HHH000204: Processing PersistenceUnitInfo [name: default]
2020-10-03 21:15:27,804 INFO org.hibernate.Version [task-1] HHH000412: Hibernate ORM core version 5.4.20.Final
2020-10-03 21:15:27,814 WARN org.springframework.boot.autoconfigure.orm.jpa.JpaBaseConfiguration$JpaWebConfiguration [main] spring.jpa.open-in-view is enabled by default. Therefore, database queries may be performed during view rendering. Explicitly configure spring.jpa.open-in-view to disable this warning
2020-10-03 21:15:27,884 INFO org.hibernate.annotations.common.reflection.java.JavaReflectionManager [task-1] HCANN000001: Hibernate Commons Annotations {5.1.0.Final}
2020-10-03 21:15:27,957 INFO com.zaxxer.hikari.HikariDataSource [task-1] HikariPool-1 - Starting...
2020-10-03 21:15:28,074 INFO org.apache.juli.logging.DirectJDKLog [main] Starting ProtocolHandler ["http-nio-1150"]
2020-10-03 21:15:28,095 INFO org.springframework.boot.web.embedded.tomcat.TomcatWebServer [main] Tomcat started on port(s): 1150 (http) with context path ''
2020-10-03 21:15:28,097 INFO org.springframework.data.repository.config.DeferredRepositoryInitializationListener [main] Triggering deferred initialization of Spring Data repositories…
2020-10-03 21:15:29,269 INFO com.zaxxer.hikari.HikariDataSource [task-1] HikariPool-1 - Start completed.
2020-10-03 21:15:29,284 INFO org.hibernate.dialect.Dialect [task-1] HHH000400: Using dialect: org.hibernate.dialect.PostgreSQL10Dialect
2020-10-03 21:15:30,468 INFO org.hibernate.tuple.PojoInstantiator [task-1] HHH000182: No default (no-argument) constructor for class: com.example.stock_backend.Model.Product (class must be instantiated by Interceptor)
2020-10-03 21:15:31,189 INFO org.hibernate.engine.transaction.jta.platform.internal.JtaPlatformInitiator [task-1] HHH000490: Using JtaPlatform implementation: [org.hibernate.engine.transaction.jta.platform.internal.NoJtaPlatform]
2020-10-03 21:15:31,197 INFO org.springframework.orm.jpa.AbstractEntityManagerFactoryBean [task-1] Initialized JPA EntityManagerFactory for persistence unit 'default'
2020-10-03 21:15:31,338 INFO org.springframework.data.repository.config.DeferredRepositoryInitializationListener [main] Spring Data repositories initialized!
2020-10-03 21:15:31,346 INFO org.springframework.boot.StartupInfoLogger [main] Started StockBackendApplication in 5.048 seconds (JVM running for 5.768)
2020-10-03 21:21:28,563 INFO org.springframework.boot.admin.SpringApplicationAdminMXBeanRegistrar$SpringApplicationAdmin [RMI TCP Connection(8)-127.0.0.1] Application shutdown requested.
2020-10-03 21:21:28,587 INFO org.springframework.orm.jpa.AbstractEntityManagerFactoryBean [RMI TCP Connection(8)-127.0.0.1] Closing JPA EntityManagerFactory for persistence unit 'default'
2020-10-03 21:21:28,588 INFO org.springframework.scheduling.concurrent.ExecutorConfigurationSupport [RMI TCP Connection(8)-127.0.0.1] Shutting down ExecutorService 'applicationTaskExecutor'
2020-10-03 21:21:28,589 INFO com.zaxxer.hikari.HikariDataSource [RMI TCP Connection(8)-127.0.0.1] HikariPool-1 - Shutdown initiated...
2020-10-03 21:21:34,524 INFO com.zaxxer.hikari.HikariDataSource [RMI TCP Connection(8)-127.0.0.1] HikariPool-1 - Shutdown completed.
2020-10-03 21:21:36,220 INFO org.hibernate.validator.internal.util.Version [background-preinit] HV000001: Hibernate Validator 6.1.5.Final
2020-10-03 21:21:36,231 INFO org.springframework.boot.StartupInfoLogger [main] Starting StockBackendApplication on suphnaths-MacBook-Pro.local with PID 32169 (/Users/best/Desktop/stock_backend/target/classes started by best in /Users/best/Desktop/stock_backend)
2020-10-03 21:21:36,232 INFO org.springframework.boot.SpringApplication [main] No active profile set, falling back to default profiles: default
2020-10-03 21:21:36,652 INFO org.springframework.data.repository.config.RepositoryConfigurationDelegate [main] Bootstrapping Spring Data JPA repositories in DEFERRED mode.
2020-10-03 21:21:36,693 INFO org.springframework.data.repository.config.RepositoryConfigurationDelegate [main] Finished Spring Data repository scanning in 36ms. Found 1 JPA repository interfaces.
2020-10-03 21:21:37,016 INFO org.springframework.boot.web.embedded.tomcat.TomcatWebServer [main] Tomcat initialized with port(s): 1150 (http)
2020-10-03 21:21:37,023 INFO org.apache.juli.logging.DirectJDKLog [main] Initializing ProtocolHandler ["http-nio-1150"]
2020-10-03 21:21:37,023 INFO org.apache.juli.logging.DirectJDKLog [main] Starting service [Tomcat]
2020-10-03 21:21:37,024 INFO org.apache.juli.logging.DirectJDKLog [main] Starting Servlet engine: [Apache Tomcat/9.0.37]
2020-10-03 21:21:37,096 INFO org.apache.juli.logging.DirectJDKLog [main] Initializing Spring embedded WebApplicationContext
2020-10-03 21:21:37,097 INFO org.springframework.boot.web.servlet.context.ServletWebServerApplicationContext [main] Root WebApplicationContext: initialization completed in 834 ms
2020-10-03 21:21:37,185 INFO org.springframework.scheduling.concurrent.ExecutorConfigurationSupport [main] Initializing ExecutorService 'applicationTaskExecutor'
2020-10-03 21:21:37,210 INFO org.hibernate.jpa.internal.util.LogHelper [task-1] HHH000204: Processing PersistenceUnitInfo [name: default]
2020-10-03 21:21:37,237 INFO org.hibernate.Version [task-1] HHH000412: Hibernate ORM core version 5.4.20.Final
2020-10-03 21:21:37,250 WARN org.springframework.boot.autoconfigure.orm.jpa.JpaBaseConfiguration$JpaWebConfiguration [main] spring.jpa.open-in-view is enabled by default. Therefore, database queries may be performed during view rendering. Explicitly configure spring.jpa.open-in-view to disable this warning
2020-10-03 21:21:37,309 INFO org.hibernate.annotations.common.reflection.java.JavaReflectionManager [task-1] HCANN000001: Hibernate Commons Annotations {5.1.0.Final}
2020-10-03 21:21:37,370 INFO com.zaxxer.hikari.HikariDataSource [task-1] HikariPool-1 - Starting...
2020-10-03 21:21:37,484 INFO org.apache.juli.logging.DirectJDKLog [main] Starting ProtocolHandler ["http-nio-1150"]
2020-10-03 21:21:37,504 INFO org.springframework.boot.web.embedded.tomcat.TomcatWebServer [main] Tomcat started on port(s): 1150 (http) with context path ''
2020-10-03 21:21:37,506 INFO org.springframework.data.repository.config.DeferredRepositoryInitializationListener [main] Triggering deferred initialization of Spring Data repositories…
2020-10-03 21:21:38,611 INFO com.zaxxer.hikari.HikariDataSource [task-1] HikariPool-1 - Start completed.
2020-10-03 21:21:38,633 INFO org.hibernate.dialect.Dialect [task-1] HHH000400: Using dialect: org.hibernate.dialect.PostgreSQL10Dialect
2020-10-03 21:21:39,804 INFO org.hibernate.tuple.PojoInstantiator [task-1] HHH000182: No default (no-argument) constructor for class: com.example.stock_backend.Model.Product (class must be instantiated by Interceptor)
2020-10-03 21:21:40,210 INFO org.hibernate.engine.transaction.jta.platform.internal.JtaPlatformInitiator [task-1] HHH000490: Using JtaPlatform implementation: [org.hibernate.engine.transaction.jta.platform.internal.NoJtaPlatform]
2020-10-03 21:21:40,222 INFO org.springframework.orm.jpa.AbstractEntityManagerFactoryBean [task-1] Initialized JPA EntityManagerFactory for persistence unit 'default'
2020-10-03 21:21:40,365 INFO org.springframework.data.repository.config.DeferredRepositoryInitializationListener [main] Spring Data repositories initialized!
2020-10-03 21:21:40,372 INFO org.springframework.boot.StartupInfoLogger [main] Started StockBackendApplication in 4.386 seconds (JVM running for 5.085)
2020-10-03 21:21:47,180 INFO org.springframework.boot.admin.SpringApplicationAdminMXBeanRegistrar$SpringApplicationAdmin [RMI TCP Connection(2)-127.0.0.1] Application shutdown requested.
2020-10-03 21:21:47,208 INFO org.springframework.orm.jpa.AbstractEntityManagerFactoryBean [RMI TCP Connection(2)-127.0.0.1] Closing JPA EntityManagerFactory for persistence unit 'default'
2020-10-03 21:21:47,210 INFO org.springframework.scheduling.concurrent.ExecutorConfigurationSupport [RMI TCP Connection(2)-127.0.0.1] Shutting down ExecutorService 'applicationTaskExecutor'
2020-10-03 21:21:47,211 INFO com.zaxxer.hikari.HikariDataSource [RMI TCP Connection(2)-127.0.0.1] HikariPool-1 - Shutdown initiated...
2020-10-03 21:21:47,740 INFO com.zaxxer.hikari.HikariDataSource [RMI TCP Connection(2)-127.0.0.1] HikariPool-1 - Shutdown completed.
2020-10-03 21:21:49,273 INFO org.hibernate.validator.internal.util.Version [background-preinit] HV000001: Hibernate Validator 6.1.5.Final
2020-10-03 21:21:49,287 INFO org.springframework.boot.StartupInfoLogger [main] Starting StockBackendApplication on suphnaths-MacBook-Pro.local with PID 32171 (/Users/best/Desktop/stock_backend/target/classes started by best in /Users/best/Desktop/stock_backend)
2020-10-03 21:21:49,289 INFO org.springframework.boot.SpringApplication [main] No active profile set, falling back to default profiles: default
2020-10-03 21:21:49,706 INFO org.springframework.data.repository.config.RepositoryConfigurationDelegate [main] Bootstrapping Spring Data JPA repositories in DEFERRED mode.
2020-10-03 21:21:49,749 INFO org.springframework.data.repository.config.RepositoryConfigurationDelegate [main] Finished Spring Data repository scanning in 38ms. Found 1 JPA repository interfaces.
2020-10-03 21:21:50,086 INFO org.springframework.boot.web.embedded.tomcat.TomcatWebServer [main] Tomcat initialized with port(s): 1150 (http)
2020-10-03 21:21:50,092 INFO org.apache.juli.logging.DirectJDKLog [main] Initializing ProtocolHandler ["http-nio-1150"]
2020-10-03 21:21:50,092 INFO org.apache.juli.logging.DirectJDKLog [main] Starting service [Tomcat]
2020-10-03 21:21:50,092 INFO org.apache.juli.logging.DirectJDKLog [main] Starting Servlet engine: [Apache Tomcat/9.0.37]
2020-10-03 21:21:50,165 INFO org.apache.juli.logging.DirectJDKLog [main] Initializing Spring embedded WebApplicationContext
2020-10-03 21:21:50,166 INFO org.springframework.boot.web.servlet.context.ServletWebServerApplicationContext [main] Root WebApplicationContext: initialization completed in 847 ms
2020-10-03 21:21:50,253 INFO org.springframework.scheduling.concurrent.ExecutorConfigurationSupport [main] Initializing ExecutorService 'applicationTaskExecutor'
2020-10-03 21:21:50,278 INFO org.hibernate.jpa.internal.util.LogHelper [task-1] HHH000204: Processing PersistenceUnitInfo [name: default]
2020-10-03 21:21:50,305 INFO org.hibernate.Version [task-1] HHH000412: Hibernate ORM core version 5.4.20.Final
2020-10-03 21:21:50,317 WARN org.springframework.boot.autoconfigure.orm.jpa.JpaBaseConfiguration$JpaWebConfiguration [main] spring.jpa.open-in-view is enabled by default. Therefore, database queries may be performed during view rendering. Explicitly configure spring.jpa.open-in-view to disable this warning
2020-10-03 21:21:50,376 INFO org.hibernate.annotations.common.reflection.java.JavaReflectionManager [task-1] HCANN000001: Hibernate Commons Annotations {5.1.0.Final}
2020-10-03 21:21:50,440 INFO com.zaxxer.hikari.HikariDataSource [task-1] HikariPool-1 - Starting...
2020-10-03 21:21:50,548 INFO org.apache.juli.logging.DirectJDKLog [main] Starting ProtocolHandler ["http-nio-1150"]
2020-10-03 21:21:50,570 INFO org.springframework.boot.web.embedded.tomcat.TomcatWebServer [main] Tomcat started on port(s): 1150 (http) with context path ''
2020-10-03 21:21:50,571 INFO org.springframework.data.repository.config.DeferredRepositoryInitializationListener [main] Triggering deferred initialization of Spring Data repositories…
2020-10-03 21:21:51,743 INFO com.zaxxer.hikari.HikariDataSource [task-1] HikariPool-1 - Start completed.
2020-10-03 21:21:51,761 INFO org.hibernate.dialect.Dialect [task-1] HHH000400: Using dialect: org.hibernate.dialect.PostgreSQL10Dialect
2020-10-03 21:21:52,900 INFO org.hibernate.tuple.PojoInstantiator [task-1] HHH000182: No default (no-argument) constructor for class: com.example.stock_backend.Model.Product (class must be instantiated by Interceptor)
2020-10-03 21:21:53,441 INFO org.hibernate.engine.transaction.jta.platform.internal.JtaPlatformInitiator [task-1] HHH000490: Using JtaPlatform implementation: [org.hibernate.engine.transaction.jta.platform.internal.NoJtaPlatform]
2020-10-03 21:21:53,447 INFO org.springframework.orm.jpa.AbstractEntityManagerFactoryBean [task-1] Initialized JPA EntityManagerFactory for persistence unit 'default'
2020-10-03 21:21:53,602 INFO org.springframework.data.repository.config.DeferredRepositoryInitializationListener [main] Spring Data repositories initialized!
2020-10-03 21:21:53,611 INFO org.springframework.boot.StartupInfoLogger [main] Started StockBackendApplication in 4.572 seconds (JVM running for 5.084)
2020-10-03 21:45:31,741 WARN com.zaxxer.hikari.pool.HikariPool$HouseKeeper [HikariPool-1 housekeeper] HikariPool-1 - Thread starvation or clock leap detected (housekeeper delta=2m9s758ms).
2020-10-03 22:00:25,299 INFO org.springframework.boot.admin.SpringApplicationAdminMXBeanRegistrar$SpringApplicationAdmin [RMI TCP Connection(40)-127.0.0.1] Application shutdown requested.
2020-10-03 22:00:25,320 INFO org.springframework.orm.jpa.AbstractEntityManagerFactoryBean [RMI TCP Connection(40)-127.0.0.1] Closing JPA EntityManagerFactory for persistence unit 'default'
2020-10-03 22:00:25,322 INFO org.springframework.scheduling.concurrent.ExecutorConfigurationSupport [RMI TCP Connection(40)-127.0.0.1] Shutting down ExecutorService 'applicationTaskExecutor'
2020-10-03 22:00:25,322 INFO com.zaxxer.hikari.HikariDataSource [RMI TCP Connection(40)-127.0.0.1] HikariPool-1 - Shutdown initiated...
2020-10-03 22:00:31,956 INFO com.zaxxer.hikari.HikariDataSource [RMI TCP Connection(40)-127.0.0.1] HikariPool-1 - Shutdown completed.
2020-10-03 22:09:33,975 INFO org.hibernate.validator.internal.util.Version [background-preinit] HV000001: Hibernate Validator 6.1.5.Final
2020-10-03 22:09:33,994 INFO org.springframework.boot.StartupInfoLogger [main] Starting StockBackendApplication on suphnaths-MacBook-Pro.local with PID 32700 (/Users/best/Desktop/stock_backend/target/classes started by best in /Users/best/Desktop/stock_backend)
2020-10-03 22:09:33,996 INFO org.springframework.boot.SpringApplication [main] No active profile set, falling back to default profiles: default
2020-10-03 22:09:34,511 INFO org.springframework.data.repository.config.RepositoryConfigurationDelegate [main] Bootstrapping Spring Data JPA repositories in DEFERRED mode.
2020-10-03 22:09:34,560 INFO org.springframework.data.repository.config.RepositoryConfigurationDelegate [main] Finished Spring Data repository scanning in 43ms. Found 1 JPA repository interfaces.
2020-10-03 22:09:34,953 INFO org.springframework.boot.web.embedded.tomcat.TomcatWebServer [main] Tomcat initialized with port(s): 1150 (http)
2020-10-03 22:09:34,961 INFO org.apache.juli.logging.DirectJDKLog [main] Initializing ProtocolHandler ["http-nio-1150"]
2020-10-03 22:09:34,962 INFO org.apache.juli.logging.DirectJDKLog [main] Starting service [Tomcat]
2020-10-03 22:09:34,962 INFO org.apache.juli.logging.DirectJDKLog [main] Starting Servlet engine: [Apache Tomcat/9.0.37]
2020-10-03 22:09:35,028 INFO org.apache.juli.logging.DirectJDKLog [main] Initializing Spring embedded WebApplicationContext
2020-10-03 22:09:35,028 INFO org.springframework.boot.web.servlet.context.ServletWebServerApplicationContext [main] Root WebApplicationContext: initialization completed in 992 ms
2020-10-03 22:09:35,143 INFO org.springframework.scheduling.concurrent.ExecutorConfigurationSupport [main] Initializing ExecutorService 'applicationTaskExecutor'
2020-10-03 22:09:35,173 INFO org.hibernate.jpa.internal.util.LogHelper [task-1] HHH000204: Processing PersistenceUnitInfo [name: default]
2020-10-03 22:09:35,213 INFO org.hibernate.Version [task-1] HHH000412: Hibernate ORM core version 5.4.20.Final
2020-10-03 22:09:35,225 WARN org.springframework.boot.autoconfigure.orm.jpa.JpaBaseConfiguration$JpaWebConfiguration [main] spring.jpa.open-in-view is enabled by default. Therefore, database queries may be performed during view rendering. Explicitly configure spring.jpa.open-in-view to disable this warning
2020-10-03 22:09:35,317 INFO org.hibernate.annotations.common.reflection.java.JavaReflectionManager [task-1] HCANN000001: Hibernate Commons Annotations {5.1.0.Final}
2020-10-03 22:09:35,401 INFO com.zaxxer.hikari.HikariDataSource [task-1] HikariPool-1 - Starting...
2020-10-03 22:09:35,528 INFO org.apache.juli.logging.DirectJDKLog [main] Starting ProtocolHandler ["http-nio-1150"]
2020-10-03 22:09:35,549 INFO org.springframework.boot.web.embedded.tomcat.TomcatWebServer [main] Tomcat started on port(s): 1150 (http) with context path ''
2020-10-03 22:09:35,550 INFO org.springframework.data.repository.config.DeferredRepositoryInitializationListener [main] Triggering deferred initialization of Spring Data repositories…
2020-10-03 22:09:36,676 INFO com.zaxxer.hikari.HikariDataSource [task-1] HikariPool-1 - Start completed.
2020-10-03 22:09:36,694 INFO org.hibernate.dialect.Dialect [task-1] HHH000400: Using dialect: org.hibernate.dialect.PostgreSQL10Dialect
2020-10-03 22:09:38,378 INFO org.hibernate.engine.transaction.jta.platform.internal.JtaPlatformInitiator [task-1] HHH000490: Using JtaPlatform implementation: [org.hibernate.engine.transaction.jta.platform.internal.NoJtaPlatform]
2020-10-03 22:09:38,386 INFO org.springframework.orm.jpa.AbstractEntityManagerFactoryBean [task-1] Initialized JPA EntityManagerFactory for persistence unit 'default'
2020-10-03 22:09:38,557 INFO org.springframework.data.repository.config.DeferredRepositoryInitializationListener [main] Spring Data repositories initialized!
2020-10-03 22:09:38,566 INFO org.springframework.boot.StartupInfoLogger [main] Started StockBackendApplication in 4.867 seconds (JVM running for 5.584)
2020-10-03 22:09:51,842 INFO org.apache.juli.logging.DirectJDKLog [http-nio-1150-exec-1] Initializing Spring DispatcherServlet 'dispatcherServlet'
2020-10-03 22:09:51,843 INFO org.springframework.web.servlet.FrameworkServlet [http-nio-1150-exec-1] Initializing Servlet 'dispatcherServlet'
2020-10-03 22:09:51,853 INFO org.springframework.web.servlet.FrameworkServlet [http-nio-1150-exec-1] Completed initialization in 10 ms
2020-10-03 22:09:51,877 INFO com.example.stock_backend.controller.api.ProductController [http-nio-1150-exec-1] getProducts called
2020-10-03 22:10:54,031 INFO com.example.stock_backend.controller.api.ProductController [http-nio-1150-exec-4] getProducts called
2020-10-03 22:13:16,401 INFO org.springframework.boot.admin.SpringApplicationAdminMXBeanRegistrar$SpringApplicationAdmin [RMI TCP Connection(7)-127.0.0.1] Application shutdown requested.
2020-10-03 22:13:16,422 INFO org.springframework.orm.jpa.AbstractEntityManagerFactoryBean [RMI TCP Connection(7)-127.0.0.1] Closing JPA EntityManagerFactory for persistence unit 'default'
2020-10-03 22:13:16,424 INFO org.springframework.scheduling.concurrent.ExecutorConfigurationSupport [RMI TCP Connection(7)-127.0.0.1] Shutting down ExecutorService 'applicationTaskExecutor'
2020-10-03 22:13:16,424 INFO com.zaxxer.hikari.HikariDataSource [RMI TCP Connection(7)-127.0.0.1] HikariPool-1 - Shutdown initiated...
2020-10-03 22:13:24,243 INFO com.zaxxer.hikari.HikariDataSource [RMI TCP Connection(7)-127.0.0.1] HikariPool-1 - Shutdown completed.
