2020-09-17 21:31:19,105 INFO org.hibernate.validator.internal.util.Version [background-preinit] HV000001: Hibernate Validator 6.1.5.Final
2020-09-17 21:31:19,115 INFO org.springframework.boot.StartupInfoLogger [main] Starting StockBackendApplication on suphnaths-MacBook-Pro.local with PID 4588 (/Users/best/Desktop/stock_backend/target/classes started by best in /Users/best/Desktop/stock_backend)
2020-09-17 21:31:19,117 INFO org.springframework.boot.SpringApplication [main] No active profile set, falling back to default profiles: default
2020-09-17 21:31:19,720 INFO org.springframework.boot.web.embedded.tomcat.TomcatWebServer [main] Tomcat initialized with port(s): 1150 (http)
2020-09-17 21:31:19,726 INFO org.apache.juli.logging.DirectJDKLog [main] Initializing ProtocolHandler ["http-nio-1150"]
2020-09-17 21:31:19,727 INFO org.apache.juli.logging.DirectJDKLog [main] Starting service [Tomcat]
2020-09-17 21:31:19,727 INFO org.apache.juli.logging.DirectJDKLog [main] Starting Servlet engine: [Apache Tomcat/9.0.37]
2020-09-17 21:31:19,779 INFO org.apache.juli.logging.DirectJDKLog [main] Initializing Spring embedded WebApplicationContext
2020-09-17 21:31:19,780 INFO org.springframework.boot.web.servlet.context.ServletWebServerApplicationContext [main] Root WebApplicationContext: initialization completed in 625 ms
2020-09-17 21:31:19,938 INFO org.springframework.scheduling.concurrent.ExecutorConfigurationSupport [main] Initializing ExecutorService 'applicationTaskExecutor'
2020-09-17 21:31:20,049 INFO org.apache.juli.logging.DirectJDKLog [main] Starting ProtocolHandler ["http-nio-1150"]
2020-09-17 21:31:20,073 INFO org.springframework.boot.web.embedded.tomcat.TomcatWebServer [main] Tomcat started on port(s): 1150 (http) with context path ''
2020-09-17 21:31:20,081 INFO org.springframework.boot.StartupInfoLogger [main] Started StockBackendApplication in 1.25 seconds (JVM running for 1.952)
2020-09-17 21:31:59,610 INFO org.springframework.boot.admin.SpringApplicationAdminMXBeanRegistrar$SpringApplicationAdmin [RMI TCP Connection(2)-127.0.0.1] Application shutdown requested.
2020-09-17 21:31:59,640 INFO org.springframework.scheduling.concurrent.ExecutorConfigurationSupport [RMI TCP Connection(2)-127.0.0.1] Shutting down ExecutorService 'applicationTaskExecutor'
2020-09-17 21:32:01,031 INFO org.hibernate.validator.internal.util.Version [background-preinit] HV000001: Hibernate Validator 6.1.5.Final
2020-09-17 21:32:01,040 INFO org.springframework.boot.StartupInfoLogger [main] Starting StockBackendApplication on suphnaths-MacBook-Pro.local with PID 4593 (/Users/best/Desktop/stock_backend/target/classes started by best in /Users/best/Desktop/stock_backend)
2020-09-17 21:32:01,041 INFO org.springframework.boot.SpringApplication [main] No active profile set, falling back to default profiles: default
2020-09-17 21:32:01,597 INFO org.springframework.boot.web.embedded.tomcat.TomcatWebServer [main] Tomcat initialized with port(s): 1150 (http)
2020-09-17 21:32:01,603 INFO org.apache.juli.logging.DirectJDKLog [main] Initializing ProtocolHandler ["http-nio-1150"]
2020-09-17 21:32:01,603 INFO org.apache.juli.logging.DirectJDKLog [main] Starting service [Tomcat]
2020-09-17 21:32:01,604 INFO org.apache.juli.logging.DirectJDKLog [main] Starting Servlet engine: [Apache Tomcat/9.0.37]
2020-09-17 21:32:01,644 INFO org.apache.juli.logging.DirectJDKLog [main] Initializing Spring embedded WebApplicationContext
2020-09-17 21:32:01,644 INFO org.springframework.boot.web.servlet.context.ServletWebServerApplicationContext [main] Root WebApplicationContext: initialization completed in 571 ms
2020-09-17 21:32:01,780 INFO org.springframework.scheduling.concurrent.ExecutorConfigurationSupport [main] Initializing ExecutorService 'applicationTaskExecutor'
2020-09-17 21:32:01,886 INFO org.apache.juli.logging.DirectJDKLog [main] Starting ProtocolHandler ["http-nio-1150"]
2020-09-17 21:32:01,914 INFO org.springframework.boot.web.embedded.tomcat.TomcatWebServer [main] Tomcat started on port(s): 1150 (http) with context path ''
2020-09-17 21:32:01,923 INFO org.springframework.boot.StartupInfoLogger [main] Started StockBackendApplication in 1.135 seconds (JVM running for 1.616)
2020-09-17 21:32:20,165 INFO org.springframework.boot.admin.SpringApplicationAdminMXBeanRegistrar$SpringApplicationAdmin [RMI TCP Connection(2)-127.0.0.1] Application shutdown requested.
2020-09-17 21:32:20,197 INFO org.springframework.scheduling.concurrent.ExecutorConfigurationSupport [RMI TCP Connection(2)-127.0.0.1] Shutting down ExecutorService 'applicationTaskExecutor'
2020-09-17 21:39:25,763 INFO org.springframework.boot.StartupInfoLogger [main] Starting StockBackendApplication on suphnaths-MacBook-Pro.local with PID 4652 (/Users/best/Desktop/stock_backend/target/classes started by best in /Users/best/Desktop/stock_backend)
2020-09-17 21:39:25,767 INFO org.springframework.boot.SpringApplication [main] No active profile set, falling back to default profiles: default
2020-09-17 21:39:26,899 INFO org.springframework.boot.StartupInfoLogger [main] Started StockBackendApplication in 1.415 seconds (JVM running for 2.14)
2020-09-17 21:39:30,045 ERROR com.example.stock_backend.controller.api.ProductController [http-nio-1150-exec-1] ERROR HAPPENED
2020-09-17 21:40:42,866 ERROR com.example.stock_backend.controller.api.ProductController [http-nio-1150-exec-5] ERROR HAPPENED
2020-09-17 21:40:43,210 ERROR com.example.stock_backend.controller.api.ProductController [http-nio-1150-exec-6] ERROR HAPPENED
2020-09-17 21:40:43,747 ERROR com.example.stock_backend.controller.api.ProductController [http-nio-1150-exec-7] ERROR HAPPENED
